\BOOKMARK [0][-]{chapter*.2}{Introducci\363n.}{}% 1
\BOOKMARK [0][-]{chapter*.3}{Resumen.}{}% 2
\BOOKMARK [0][-]{chapter.1}{Un poco de cosmolog\355a}{}% 3
\BOOKMARK [1][-]{section.1.1}{El universo homog\351neo y su geometr\355a}{chapter.1}% 4
\BOOKMARK [1][-]{section.1.2}{Din\341mica}{chapter.1}% 5
\BOOKMARK [1][-]{section.1.3}{Men\372 c\363smico}{chapter.1}% 6
\BOOKMARK [1][-]{section.1.4}{Energ\355a oscura introde}{chapter.1}% 7
\BOOKMARK [2][-]{subsection.1.4.1}{Supernovas tipo 1a}{section.1.4}% 8
\BOOKMARK [2][-]{subsection.1.4.2}{CMB}{section.1.4}% 9
\BOOKMARK [2][-]{subsection.1.4.3}{BAOs}{section.1.4}% 10
\BOOKMARK [2][-]{subsection.1.4.4}{Par\341metro de Hubble}{section.1.4}% 11
\BOOKMARK [2][-]{subsection.1.4.5}{Modelos de energ\355a oscura}{section.1.4}% 12
\BOOKMARK [0][-]{chapter.2}{Reconstrucciones de la energ\355a oscura}{}% 13
\BOOKMARK [1][-]{section.2.1}{Reconstrucciones param\351tricas}{chapter.2}% 14
\BOOKMARK [1][-]{section.2.2}{PCA}{chapter.2}% 15
\BOOKMARK [1][-]{section.2.3}{Reconstrucciones no param\351tricas}{chapter.2}% 16
\BOOKMARK [0][-]{chapter.3}{Estad\355stica Bayesiana y selecci\363n de modelos}{}% 17
\BOOKMARK [1][-]{section.3.1}{Conceptos, definiciones y ejemplos}{chapter.3}% 18
\BOOKMARK [1][-]{section.3.2}{Estimaci\363n de par\341metros}{chapter.3}% 19
\BOOKMARK [1][-]{section.3.3}{Prueba de hip\363tesis \(selecci\363n de modelo\)}{chapter.3}% 20
\BOOKMARK [1][-]{section.3.4}{Cadenas de Markov}{chapter.3}% 21
\BOOKMARK [1][-]{section.3.5}{Cadenas de Markov Monte Carlo \(MCMC\)}{chapter.3}% 22
\BOOKMARK [2][-]{subsection.3.5.1}{Ejemplo de MCMC con CDM}{section.3.5}% 23
\BOOKMARK [1][-]{section.3.6}{AIC, AICc, BIC y DIC}{chapter.3}% 24
\BOOKMARK [0][-]{chapter.4}{Interpolaciones como reconstrucciones}{}% 25
\BOOKMARK [1][-]{section.4.1}{Tipos de interpolaciones}{chapter.4}% 26
\BOOKMARK [0][-]{chapter.5}{Prueba}{}% 27
\BOOKMARK [1][-]{section.5.1}{Reconstruyendo H\(z\) con datos falsos}{chapter.5}% 28
\BOOKMARK [0][-]{chapter.6}{Resultados}{}% 29
\BOOKMARK [1][-]{section.6.1}{Reconstrucci\363n de Fl\(z\).}{chapter.6}% 30
\BOOKMARK [1][-]{section.6.2}{Reconstrucci\363n de w\(z\).}{chapter.6}% 31
\BOOKMARK [1][-]{section.6.3}{Comparaci\363n con CDM}{chapter.6}% 32
\BOOKMARK [0][-]{chapter.7}{Conclusiones y perspectivas.}{}% 33
\BOOKMARK [1][-]{section.7.1}{Fluis\(z\) c\372bica}{chapter.7}% 34
\BOOKMARK [1][-]{section.7.2}{Fluis\(z\) lineal}{chapter.7}% 35
\BOOKMARK [1][-]{section.7.3}{w\(z\)}{chapter.7}% 36
\BOOKMARK [1][-]{section.7.4}{Conclusi\363n final}{chapter.7}% 37
\BOOKMARK [1][-]{section.7.5}{Perspectivas}{chapter.7}% 38
\BOOKMARK [0][-]{section.7.5}{Bibliograf\355a}{}% 39
